[debug] [2024-01-27T14:15:06.986Z] ----------------------------------------------------------------------
[debug] [2024-01-27T14:15:06.997Z] Command:       C:\Program Files\nodejs\node.exe C:\Users\Manish\AppData\Roaming\npm\node_modules\firebase-tools\lib\bin\firebase.js init
[debug] [2024-01-27T14:15:06.999Z] CLI Version:   13.0.1
[debug] [2024-01-27T14:15:07.000Z] Platform:      win32
[debug] [2024-01-27T14:15:07.001Z] Node Version:  v20.9.0
[debug] [2024-01-27T14:15:07.001Z] Time:          Sat Jan 27 2024 19:45:07 GMT+0530 (India Standard Time)
[debug] [2024-01-27T14:15:07.002Z] ----------------------------------------------------------------------
[debug] 
[debug] [2024-01-27T14:15:07.130Z] > command requires scopes: ["email","openid","https://www.googleapis.com/auth/cloudplatformprojects.readonly","https://www.googleapis.com/auth/firebase","https://www.googleapis.com/auth/cloud-platform"]
[debug] [2024-01-27T14:15:07.130Z] > authorizing via signed-in user (mp2108339@gmail.com)
[info] 
     ######## #### ########  ######## ########     ###     ######  ########
     ##        ##  ##     ## ##       ##     ##  ##   ##  ##       ##
     ######    ##  ########  ######   ########  #########  ######  ######
     ##        ##  ##    ##  ##       ##     ## ##     ##       ## ##
     ##       #### ##     ## ######## ########  ##     ##  ######  ########

You're about to initialize a Firebase project in this directory:

  E:\All Coding\Hire quotient\assignment-2

Before we get started, keep in mind:

  * You are initializing within an existing Firebase project directory

